[1002/052625.654:ERROR:process_reader_win.cc(151)] SuspendThread: Access is denied. (0x5)
[1002/052625.657:ERROR:process_reader_win.cc(151)] SuspendThread: Access is denied. (0x5)
[1002/052625.657:ERROR:process_reader_win.cc(151)] SuspendThread: Access is denied. (0x5)
[1002/052625.657:ERROR:process_reader_win.cc(151)] SuspendThread: Access is denied. (0x5)
[1002/052625.657:ERROR:process_reader_win.cc(151)] SuspendThread: Access is denied. (0x5)
[1002/052625.657:ERROR:process_reader_win.cc(151)] SuspendThread: Access is denied. (0x5)
[1002/052625.657:ERROR:process_reader_win.cc(151)] SuspendThread: Access is denied. (0x5)
[1002/052625.657:ERROR:process_reader_win.cc(151)] SuspendThread: Access is denied. (0x5)
[1002/052625.657:ERROR:process_reader_win.cc(151)] SuspendThread: Access is denied. (0x5)
[1002/052626.098:ERROR:process_memory_win.cc(73)] ReadMemory at 0x7ff70d6c0000 of 64 bytes failed: Only part of a ReadProcessMemory or WriteProcessMemory request was completed. (0x12B)
[1002/052626.098:WARNING:pe_image_reader.cc(340)] could not read dos header from C:\Program Files (x86)\Google\Chrome\Application\chrome.exe
[1002/052626.098:ERROR:process_memory_win.cc(73)] ReadMemory at 0x7ffe749e0000 of 64 bytes failed: Only part of a ReadProcessMemory or WriteProcessMemory request was completed. (0x12B)
[1002/052626.098:WARNING:pe_image_reader.cc(340)] could not read dos header from C:\WINDOWS\SYSTEM32\ntdll.dll
[1002/052626.098:ERROR:process_memory_win.cc(73)] ReadMemory at 0x7ffe74230000 of 64 bytes failed: Only part of a ReadProcessMemory or WriteProcessMemory request was completed. (0x12B)
[1002/052626.098:WARNING:pe_image_reader.cc(340)] could not read dos header from C:\WINDOWS\System32\KERNEL32.DLL
[1002/052626.098:ERROR:process_memory_win.cc(73)] ReadMemory at 0x7ffe71c70000 of 64 bytes failed: Only part of a ReadProcessMemory or WriteProcessMemory request was completed. (0x12B)
[1002/052626.098:WARNING:pe_image_reader.cc(340)] could not read dos header from C:\WINDOWS\System32\KERNELBASE.dll
[1002/052626.098:ERROR:process_memory_win.cc(73)] ReadMemory at 0x7ffe2b260000 of 64 bytes failed: Only part of a ReadProcessMemory or WriteProcessMemory request was completed. (0x12B)
[1002/052626.098:WARNING:pe_image_reader.cc(340)] could not read dos header from C:\Program Files (x86)\Google\Chrome\Application\85.0.4183.121\chrome_elf.dll
[1002/052626.098:ERROR:process_memory_win.cc(73)] ReadMemory at 0x7ffe67420000 of 64 bytes failed: Only part of a ReadProcessMemory or WriteProcessMemory request was completed. (0x12B)
[1002/052626.098:WARNING:pe_image_reader.cc(340)] could not read dos header from C:\WINDOWS\SYSTEM32\VERSION.dll
[1002/052626.098:ERROR:process_memory_win.cc(73)] ReadMemory at 0x7ffe74630000 of 64 bytes failed: Only part of a ReadProcessMemory or WriteProcessMemory request was completed. (0x12B)
[1002/052626.098:WARNING:pe_image_reader.cc(340)] could not read dos header from C:\WINDOWS\System32\msvcrt.dll
[1002/052626.098:ERROR:process_memory_win.cc(73)] ReadMemory at 0x7ffe72a10000 of 64 bytes failed: Only part of a ReadProcessMemory or WriteProcessMemory request was completed. (0x12B)
[1002/052626.098:WARNING:pe_image_reader.cc(340)] could not read dos header from C:\WINDOWS\System32\bcryptPrimitives.dll
[1002/052626.098:ERROR:process_memory_win.cc(73)] ReadMemory at 0x7ffe73f50000 of 64 bytes failed: Only part of a ReadProcessMemory or WriteProcessMemory request was completed. (0x12B)
[1002/052626.098:WARNING:pe_image_reader.cc(340)] could not read dos header from C:\WINDOWS\System32\ADVAPI32.dll
[1002/052626.099:ERROR:process_memory_win.cc(73)] ReadMemory at 0x7ffe74760000 of 64 bytes failed: Only part of a ReadProcessMemory or WriteProcessMemory request was completed. (0x12B)
[1002/052626.099:WARNING:pe_image_reader.cc(340)] could not read dos header from C:\WINDOWS\System32\sechost.dll
[1002/052626.099:ERROR:process_memory_win.cc(73)] ReadMemory at 0x7ffe739f0000 of 64 bytes failed: Only part of a ReadProcessMemory or WriteProcessMemory request was completed. (0x12B)
[1002/052626.099:WARNING:pe_image_reader.cc(340)] could not read dos header from C:\WINDOWS\System32\RPCRT4.dll
[1002/052626.099:ERROR:process_memory_win.cc(73)] ReadMemory at 0x7ffe2caa0000 of 64 bytes failed: Only part of a ReadProcessMemory or WriteProcessMemory request was completed. (0x12B)
[1002/052626.099:WARNING:pe_image_reader.cc(340)] could not read dos header from C:\Program Files (x86)\Google\Chrome\Application\85.0.4183.121\chrome.dll
[1002/052626.099:ERROR:process_memory_win.cc(73)] ReadMemory at 0x7ffe73b10000 of 64 bytes failed: Only part of a ReadProcessMemory or WriteProcessMemory request was completed. (0x12B)
[1002/052626.099:WARNING:pe_image_reader.cc(340)] could not read dos header from C:\WINDOWS\System32\WS2_32.dll
[1002/052626.099:ERROR:process_memory_win.cc(73)] ReadMemory at 0x7ffe73e80000 of 64 bytes failed: Only part of a ReadProcessMemory or WriteProcessMemory request was completed. (0x12B)
[1002/052626.099:WARNING:pe_image_reader.cc(340)] could not read dos header from C:\WINDOWS\System32\OLEAUT32.dll
[1002/052626.099:ERROR:process_memory_win.cc(73)] ReadMemory at 0x7ffe71ad0000 of 64 bytes failed: Only part of a ReadProcessMemory or WriteProcessMemory request was completed. (0x12B)
[1002/052626.099:WARNING:pe_image_reader.cc(340)] could not read dos header from C:\WINDOWS\System32\msvcp_win.dll
[1002/052626.099:ERROR:process_memory_win.cc(73)] ReadMemory at 0x7ffe719d0000 of 64 bytes failed: Only part of a ReadProcessMemory or WriteProcessMemory request was completed. (0x12B)
[1002/052626.099:WARNING:pe_image_reader.cc(340)] could not read dos header from C:\WINDOWS\System32\ucrtbase.dll
[1002/052626.099:ERROR:process_memory_win.cc(73)] ReadMemory at 0x24432eb0000 of 64 bytes failed: Only part of a ReadProcessMemory or WriteProcessMemory request was completed. (0x12B)
[1002/052626.099:WARNING:pe_image_reader.cc(340)] could not read dos header from C:\WINDOWS\System32\combase.dll
[1002/052626.099:ERROR:process_memory_win.cc(73)] ReadMemory at 0x7ffe72210000 of 64 bytes failed: Only part of a ReadProcessMemory or WriteProcessMemory request was completed. (0x12B)
[1002/052626.099:WARNING:pe_image_reader.cc(340)] could not read dos header from C:\WINDOWS\System32\WINTRUST.dll
[1002/052626.099:ERROR:process_memory_win.cc(73)] ReadMemory at 0x7ffe71930000 of 64 bytes failed: Only part of a ReadProcessMemory or WriteProcessMemory request was completed. (0x12B)
[1002/052626.099:WARNING:pe_image_reader.cc(340)] could not read dos header from C:\WINDOWS\System32\MSASN1.dll
[1002/052626.099:ERROR:process_memory_win.cc(73)] ReadMemory at 0x7ffe720c0000 of 64 bytes failed: Only part of a ReadProcessMemory or WriteProcessMemory request was completed. (0x12B)
[1002/052626.099:WARNING:pe_image_reader.cc(340)] could not read dos header from C:\WINDOWS\System32\CRYPT32.dll
[1002/052626.099:ERROR:process_memory_win.cc(73)] ReadMemory at 0x7ffe70e00000 of 64 bytes failed: Only part of a ReadProcessMemory or WriteProcessMemory request was completed. (0x12B)
[1002/052626.099:WARNING:pe_image_reader.cc(340)] could not read dos header from C:\WINDOWS\SYSTEM32\IPHLPAPI.DLL
[1002/052626.100:ERROR:process_memory_win.cc(73)] ReadMemory at 0x7ffe6dc80000 of 64 bytes failed: Only part of a ReadProcessMemory or WriteProcessMemory request was completed. (0x12B)
[1002/052626.100:WARNING:pe_image_reader.cc(340)] could not read dos header from C:\WINDOWS\SYSTEM32\WINMM.dll
[1002/052626.100:ERROR:process_memory_win.cc(73)] ReadMemory at 0x7ffe49ff0000 of 64 bytes failed: Only part of a ReadProcessMemory or WriteProcessMemory request was completed. (0x12B)
[1002/052626.100:WARNING:pe_image_reader.cc(340)] could not read dos header from C:\WINDOWS\SYSTEM32\UIAutomationCore.DLL
[1002/052626.100:ERROR:process_memory_win.cc(73)] ReadMemory at 0x7ffe5ae60000 of 64 bytes failed: Only part of a ReadProcessMemory or WriteProcessMemory request was completed. (0x12B)
[1002/052626.100:WARNING:pe_image_reader.cc(340)] could not read dos header from C:\WINDOWS\SYSTEM32\Secur32.dll
[1002/052626.100:ERROR:process_memory_win.cc(73)] ReadMemory at 0x7ffe717c0000 of 64 bytes failed: Only part of a ReadProcessMemory or WriteProcessMemory request was completed. (0x12B)
[1002/052626.100:WARNING:pe_image_reader.cc(340)] could not read dos header from C:\WINDOWS\SYSTEM32\USERENV.dll
[1002/052626.100:ERROR:process_memory_win.cc(73)] ReadMemory at 0x7ffe71900000 of 64 bytes failed: Only part of a ReadProcessMemory or WriteProcessMemory request was completed. (0x12B)
[1002/052626.100:WARNING:pe_image_reader.cc(340)] could not read dos header from C:\WINDOWS\System32\profapi.dll
[1002/052626.100:ERROR:process_memory_win.cc(73)] ReadMemory at 0x7ffe6f2c0000 of 64 bytes failed: Only part of a ReadProcessMemory or WriteProcessMemory request was completed. (0x12B)
[1002/052626.100:WARNING:pe_image_reader.cc(340)] could not read dos header from C:\WINDOWS\SYSTEM32\DWrite.dll
[1002/052626.100:ERROR:process_memory_win.cc(73)] ReadMemory at 0x7ffe66c70000 of 64 bytes failed: Only part of a ReadProcessMemory or WriteProcessMemory request was completed. (0x12B)
[1002/052626.100:WARNING:pe_image_reader.cc(340)] could not read dos header from C:\WINDOWS\SYSTEM32\WINSPOOL.DRV
[1002/052626.100:ERROR:process_memory_win.cc(73)] ReadMemory at 0x7ffe71950000 of 64 bytes failed: Only part of a ReadProcessMemory or WriteProcessMemory request was completed. (0x12B)
[1002/052626.100:WARNING:pe_image_reader.cc(340)] could not read dos header from C:\WINDOWS\System32\kernel.appcore.dll
[1002/052626.100:ERROR:process_memory_win.cc(73)] ReadMemory at 0x7ffe719a0000 of 64 bytes failed: Only part of a ReadProcessMemory or WriteProcessMemory request was completed. (0x12B)
[1002/052626.100:WARNING:pe_image_reader.cc(340)] could not read dos header from C:\WINDOWS\System32\bcrypt.dll
[1002/052626.100:ERROR:process_memory_win.cc(73)] ReadMemory at 0x7ffe70110000 of 64 bytes failed: Only part of a ReadProcessMemory or WriteProcessMemory request was completed. (0x12B)
[1002/052626.100:WARNING:pe_image_reader.cc(340)] could not read dos header from C:\WINDOWS\SYSTEM32\dbghelp.dll
[1002/052626.100:ERROR:process_memory_win.cc(73)] ReadMemory at 0x7ffe615b0000 of 64 bytes failed: Only part of a ReadProcessMemory or WriteProcessMemory request was completed. (0x12B)
[1002/052626.100:WARNING:pe_image_reader.cc(340)] could not read dos header from C:\WINDOWS\SYSTEM32\WINHTTP.dll
[1002/052626.100:ERROR:process_memory_win.cc(73)] ReadMemory at 0x7ffe614a0000 of 64 bytes failed: Only part of a ReadProcessMemory or WriteProcessMemory request was completed. (0x12B)
[1002/052626.100:WARNING:pe_image_reader.cc(340)] could not read dos header from C:\WINDOWS\SYSTEM32\dhcpcsvc.DLL
[1002/052626.101:ERROR:process_memory_win.cc(73)] ReadMemory at 0x7ffe73350000 of 64 bytes failed: Only part of a ReadProcessMemory or WriteProcessMemory request was completed. (0x12B)
[1002/052626.101:WARNING:pe_image_reader.cc(340)] could not read dos header from C:\WINDOWS\System32\NSI.dll
[1002/052626.101:ERROR:process_memory_win.cc(73)] ReadMemory at 0x7ffe6dc50000 of 64 bytes failed: Only part of a ReadProcessMemory or WriteProcessMemory request was completed. (0x12B)
[1002/052626.101:WARNING:pe_image_reader.cc(340)] could not read dos header from C:\WINDOWS\SYSTEM32\WINMMBASE.dll
[1002/052626.101:ERROR:process_memory_win.cc(73)] ReadMemory at 0x7ffe71b70000 of 64 bytes failed: Only part of a ReadProcessMemory or WriteProcessMemory request was completed. (0x12B)
[1002/052626.101:WARNING:pe_image_reader.cc(340)] could not read dos header from C:\WINDOWS\System32\cfgmgr32.dll
[1002/052626.101:ERROR:process_memory_win.cc(73)] ReadMemory at 0x7ffe6db00000 of 64 bytes failed: Only part of a ReadProcessMemory or WriteProcessMemory request was completed. (0x12B)
[1002/052626.101:WARNING:pe_image_reader.cc(340)] could not read dos header from C:\WINDOWS\SYSTEM32\PROPSYS.dll
[1002/052626.101:ERROR:process_memory_win.cc(73)] ReadMemory at 0x7ffe72a90000 of 64 bytes failed: Only part of a ReadProcessMemory or WriteProcessMemory request was completed. (0x12B)
[1002/052626.101:WARNING:pe_image_reader.cc(340)] could not read dos header from C:\WINDOWS\System32\shcore.dll
[1002/052626.101:ERROR:process_memory_win.cc(73)] ReadMemory at 0x7ffe71780000 of 64 bytes failed: Only part of a ReadProcessMemory or WriteProcessMemory request was completed. (0x12B)
[1002/052626.101:WARNING:pe_image_reader.cc(340)] could not read dos header from C:\WINDOWS\SYSTEM32\SSPICLI.DLL
[1002/052626.101:ERROR:process_memory_win.cc(73)] ReadMemory at 0x7ffe712c0000 of 64 bytes failed: Only part of a ReadProcessMemory or WriteProcessMemory request was completed. (0x12B)
[1002/052626.101:WARNING:pe_image_reader.cc(340)] could not read dos header from C:\WINDOWS\SYSTEM32\CRYPTBASE.DLL
[1002/052626.125:ERROR:process_memory_win.cc(73)] ReadMemory at 0x7ff70d6c0000 of 64 bytes failed: Only part of a ReadProcessMemory or WriteProcessMemory request was completed. (0x12B)
[1002/052626.125:WARNING:pe_image_reader.cc(340)] could not read dos header from C:\Program Files (x86)\Google\Chrome\Application\chrome.exe
[1002/052626.125:ERROR:process_memory_win.cc(73)] ReadMemory at 0x7ffe749e0000 of 64 bytes failed: Only part of a ReadProcessMemory or WriteProcessMemory request was completed. (0x12B)
[1002/052626.125:WARNING:pe_image_reader.cc(340)] could not read dos header from C:\WINDOWS\SYSTEM32\ntdll.dll
[1002/052626.125:ERROR:process_memory_win.cc(73)] ReadMemory at 0x7ffe74230000 of 64 bytes failed: Only part of a ReadProcessMemory or WriteProcessMemory request was completed. (0x12B)
[1002/052626.125:WARNING:pe_image_reader.cc(340)] could not read dos header from C:\WINDOWS\System32\KERNEL32.DLL
[1002/052626.125:ERROR:process_memory_win.cc(73)] ReadMemory at 0x7ffe71c70000 of 64 bytes failed: Only part of a ReadProcessMemory or WriteProcessMemory request was completed. (0x12B)
[1002/052626.125:WARNING:pe_image_reader.cc(340)] could not read dos header from C:\WINDOWS\System32\KERNELBASE.dll
[1002/052626.125:ERROR:process_memory_win.cc(73)] ReadMemory at 0x7ffe2b260000 of 64 bytes failed: Only part of a ReadProcessMemory or WriteProcessMemory request was completed. (0x12B)
[1002/052626.125:WARNING:pe_image_reader.cc(340)] could not read dos header from C:\Program Files (x86)\Google\Chrome\Application\85.0.4183.121\chrome_elf.dll
[1002/052626.125:ERROR:process_memory_win.cc(73)] ReadMemory at 0x7ffe67420000 of 64 bytes failed: Only part of a ReadProcessMemory or WriteProcessMemory request was completed. (0x12B)
[1002/052626.125:WARNING:pe_image_reader.cc(340)] could not read dos header from C:\WINDOWS\SYSTEM32\VERSION.dll
[1002/052626.125:ERROR:process_memory_win.cc(73)] ReadMemory at 0x7ffe74630000 of 64 bytes failed: Only part of a ReadProcessMemory or WriteProcessMemory request was completed. (0x12B)
[1002/052626.125:WARNING:pe_image_reader.cc(340)] could not read dos header from C:\WINDOWS\System32\msvcrt.dll
[1002/052626.125:ERROR:process_memory_win.cc(73)] ReadMemory at 0x7ffe72a10000 of 64 bytes failed: Only part of a ReadProcessMemory or WriteProcessMemory request was completed. (0x12B)
[1002/052626.125:WARNING:pe_image_reader.cc(340)] could not read dos header from C:\WINDOWS\System32\bcryptPrimitives.dll
[1002/052626.125:ERROR:process_memory_win.cc(73)] ReadMemory at 0x7ffe73f50000 of 64 bytes failed: Only part of a ReadProcessMemory or WriteProcessMemory request was completed. (0x12B)
[1002/052626.125:WARNING:pe_image_reader.cc(340)] could not read dos header from C:\WINDOWS\System32\ADVAPI32.dll
[1002/052626.125:ERROR:process_memory_win.cc(73)] ReadMemory at 0x7ffe74760000 of 64 bytes failed: Only part of a ReadProcessMemory or WriteProcessMemory request was completed. (0x12B)
[1002/052626.125:WARNING:pe_image_reader.cc(340)] could not read dos header from C:\WINDOWS\System32\sechost.dll
[1002/052626.125:ERROR:process_memory_win.cc(73)] ReadMemory at 0x7ffe739f0000 of 64 bytes failed: Only part of a ReadProcessMemory or WriteProcessMemory request was completed. (0x12B)
[1002/052626.125:WARNING:pe_image_reader.cc(340)] could not read dos header from C:\WINDOWS\System32\RPCRT4.dll
[1002/052626.126:ERROR:process_memory_win.cc(73)] ReadMemory at 0x7ffe2caa0000 of 64 bytes failed: Only part of a ReadProcessMemory or WriteProcessMemory request was completed. (0x12B)
[1002/052626.126:WARNING:pe_image_reader.cc(340)] could not read dos header from C:\Program Files (x86)\Google\Chrome\Application\85.0.4183.121\chrome.dll
[1002/052626.126:ERROR:process_memory_win.cc(73)] ReadMemory at 0x7ffe73b10000 of 64 bytes failed: Only part of a ReadProcessMemory or WriteProcessMemory request was completed. (0x12B)
[1002/052626.126:WARNING:pe_image_reader.cc(340)] could not read dos header from C:\WINDOWS\System32\WS2_32.dll
[1002/052626.126:ERROR:process_memory_win.cc(73)] ReadMemory at 0x7ffe73e80000 of 64 bytes failed: Only part of a ReadProcessMemory or WriteProcessMemory request was completed. (0x12B)
[1002/052626.126:WARNING:pe_image_reader.cc(340)] could not read dos header from C:\WINDOWS\System32\OLEAUT32.dll
[1002/052626.126:ERROR:process_memory_win.cc(73)] ReadMemory at 0x7ffe71ad0000 of 64 bytes failed: Only part of a ReadProcessMemory or WriteProcessMemory request was completed. (0x12B)
[1002/052626.126:WARNING:pe_image_reader.cc(340)] could not read dos header from C:\WINDOWS\System32\msvcp_win.dll
[1002/052626.126:ERROR:process_memory_win.cc(73)] ReadMemory at 0x7ffe719d0000 of 64 bytes failed: Only part of a ReadProcessMemory or WriteProcessMemory request was completed. (0x12B)
[1002/052626.126:WARNING:pe_image_reader.cc(340)] could not read dos header from C:\WINDOWS\System32\ucrtbase.dll
[1002/052626.126:ERROR:process_memory_win.cc(73)] ReadMemory at 0x24432eb0000 of 64 bytes failed: Only part of a ReadProcessMemory or WriteProcessMemory request was completed. (0x12B)
[1002/052626.126:WARNING:pe_image_reader.cc(340)] could not read dos header from C:\WINDOWS\System32\combase.dll
[1002/052626.126:ERROR:process_memory_win.cc(73)] ReadMemory at 0x7ffe72210000 of 64 bytes failed: Only part of a ReadProcessMemory or WriteProcessMemory request was completed. (0x12B)
[1002/052626.126:WARNING:pe_image_reader.cc(340)] could not read dos header from C:\WINDOWS\System32\WINTRUST.dll
[1002/052626.126:ERROR:process_memory_win.cc(73)] ReadMemory at 0x7ffe71930000 of 64 bytes failed: Only part of a ReadProcessMemory or WriteProcessMemory request was completed. (0x12B)
[1002/052626.126:WARNING:pe_image_reader.cc(340)] could not read dos header from C:\WINDOWS\System32\MSASN1.dll
[1002/052626.126:ERROR:process_memory_win.cc(73)] ReadMemory at 0x7ffe720c0000 of 64 bytes failed: Only part of a ReadProcessMemory or WriteProcessMemory request was completed. (0x12B)
[1002/052626.126:WARNING:pe_image_reader.cc(340)] could not read dos header from C:\WINDOWS\System32\CRYPT32.dll
[1002/052626.126:ERROR:process_memory_win.cc(73)] ReadMemory at 0x7ffe70e00000 of 64 bytes failed: Only part of a ReadProcessMemory or WriteProcessMemory request was completed. (0x12B)
[1002/052626.126:WARNING:pe_image_reader.cc(340)] could not read dos header from C:\WINDOWS\SYSTEM32\IPHLPAPI.DLL
[1002/052626.126:ERROR:process_memory_win.cc(73)] ReadMemory at 0x7ffe6dc80000 of 64 bytes failed: Only part of a ReadProcessMemory or WriteProcessMemory request was completed. (0x12B)
[1002/052626.126:WARNING:pe_image_reader.cc(340)] could not read dos header from C:\WINDOWS\SYSTEM32\WINMM.dll
[1002/052626.126:ERROR:process_memory_win.cc(73)] ReadMemory at 0x7ffe49ff0000 of 64 bytes failed: Only part of a ReadProcessMemory or WriteProcessMemory request was completed. (0x12B)
[1002/052626.126:WARNING:pe_image_reader.cc(340)] could not read dos header from C:\WINDOWS\SYSTEM32\UIAutomationCore.DLL
[1002/052626.126:ERROR:process_memory_win.cc(73)] ReadMemory at 0x7ffe5ae60000 of 64 bytes failed: Only part of a ReadProcessMemory or WriteProcessMemory request was completed. (0x12B)
[1002/052626.127:WARNING:pe_image_reader.cc(340)] could not read dos header from C:\WINDOWS\SYSTEM32\Secur32.dll
[1002/052626.127:ERROR:process_memory_win.cc(73)] ReadMemory at 0x7ffe717c0000 of 64 bytes failed: Only part of a ReadProcessMemory or WriteProcessMemory request was completed. (0x12B)
[1002/052626.127:WARNING:pe_image_reader.cc(340)] could not read dos header from C:\WINDOWS\SYSTEM32\USERENV.dll
[1002/052626.127:ERROR:process_memory_win.cc(73)] ReadMemory at 0x7ffe71900000 of 64 bytes failed: Only part of a ReadProcessMemory or WriteProcessMemory request was completed. (0x12B)
[1002/052626.127:WARNING:pe_image_reader.cc(340)] could not read dos header from C:\WINDOWS\System32\profapi.dll
[1002/052626.127:ERROR:process_memory_win.cc(73)] ReadMemory at 0x7ffe6f2c0000 of 64 bytes failed: Only part of a ReadProcessMemory or WriteProcessMemory request was completed. (0x12B)
[1002/052626.127:WARNING:pe_image_reader.cc(340)] could not read dos header from C:\WINDOWS\SYSTEM32\DWrite.dll
[1002/052626.127:ERROR:process_memory_win.cc(73)] ReadMemory at 0x7ffe66c70000 of 64 bytes failed: Only part of a ReadProcessMemory or WriteProcessMemory request was completed. (0x12B)
[1002/052626.127:WARNING:pe_image_reader.cc(340)] could not read dos header from C:\WINDOWS\SYSTEM32\WINSPOOL.DRV
[1002/052626.127:ERROR:process_memory_win.cc(73)] ReadMemory at 0x7ffe71950000 of 64 bytes failed: Only part of a ReadProcessMemory or WriteProcessMemory request was completed. (0x12B)
[1002/052626.127:WARNING:pe_image_reader.cc(340)] could not read dos header from C:\WINDOWS\System32\kernel.appcore.dll
[1002/052626.127:ERROR:process_memory_win.cc(73)] ReadMemory at 0x7ffe719a0000 of 64 bytes failed: Only part of a ReadProcessMemory or WriteProcessMemory request was completed. (0x12B)
[1002/052626.127:WARNING:pe_image_reader.cc(340)] could not read dos header from C:\WINDOWS\System32\bcrypt.dll
[1002/052626.127:ERROR:process_memory_win.cc(73)] ReadMemory at 0x7ffe70110000 of 64 bytes failed: Only part of a ReadProcessMemory or WriteProcessMemory request was completed. (0x12B)
[1002/052626.127:WARNING:pe_image_reader.cc(340)] could not read dos header from C:\WINDOWS\SYSTEM32\dbghelp.dll
[1002/052626.127:ERROR:process_memory_win.cc(73)] ReadMemory at 0x7ffe615b0000 of 64 bytes failed: Only part of a ReadProcessMemory or WriteProcessMemory request was completed. (0x12B)
[1002/052626.127:WARNING:pe_image_reader.cc(340)] could not read dos header from C:\WINDOWS\SYSTEM32\WINHTTP.dll
[1002/052626.127:ERROR:process_memory_win.cc(73)] ReadMemory at 0x7ffe614a0000 of 64 bytes failed: Only part of a ReadProcessMemory or WriteProcessMemory request was completed. (0x12B)
[1002/052626.127:WARNING:pe_image_reader.cc(340)] could not read dos header from C:\WINDOWS\SYSTEM32\dhcpcsvc.DLL
[1002/052626.127:ERROR:process_memory_win.cc(73)] ReadMemory at 0x7ffe73350000 of 64 bytes failed: Only part of a ReadProcessMemory or WriteProcessMemory request was completed. (0x12B)
[1002/052626.127:WARNING:pe_image_reader.cc(340)] could not read dos header from C:\WINDOWS\System32\NSI.dll
[1002/052626.127:ERROR:process_memory_win.cc(73)] ReadMemory at 0x7ffe6dc50000 of 64 bytes failed: Only part of a ReadProcessMemory or WriteProcessMemory request was completed. (0x12B)
[1002/052626.127:WARNING:pe_image_reader.cc(340)] could not read dos header from C:\WINDOWS\SYSTEM32\WINMMBASE.dll
[1002/052626.127:ERROR:process_memory_win.cc(73)] ReadMemory at 0x7ffe71b70000 of 64 bytes failed: Only part of a ReadProcessMemory or WriteProcessMemory request was completed. (0x12B)
[1002/052626.127:WARNING:pe_image_reader.cc(340)] could not read dos header from C:\WINDOWS\System32\cfgmgr32.dll
[1002/052626.128:ERROR:process_memory_win.cc(73)] ReadMemory at 0x7ffe6db00000 of 64 bytes failed: Only part of a ReadProcessMemory or WriteProcessMemory request was completed. (0x12B)
[1002/052626.128:WARNING:pe_image_reader.cc(340)] could not read dos header from C:\WINDOWS\SYSTEM32\PROPSYS.dll
[1002/052626.128:ERROR:process_memory_win.cc(73)] ReadMemory at 0x7ffe72a90000 of 64 bytes failed: Only part of a ReadProcessMemory or WriteProcessMemory request was completed. (0x12B)
[1002/052626.128:WARNING:pe_image_reader.cc(340)] could not read dos header from C:\WINDOWS\System32\shcore.dll
[1002/052626.128:ERROR:process_memory_win.cc(73)] ReadMemory at 0x7ffe71780000 of 64 bytes failed: Only part of a ReadProcessMemory or WriteProcessMemory request was completed. (0x12B)
[1002/052626.128:WARNING:pe_image_reader.cc(340)] could not read dos header from C:\WINDOWS\SYSTEM32\SSPICLI.DLL
[1002/052626.128:ERROR:process_memory_win.cc(73)] ReadMemory at 0x7ffe712c0000 of 64 bytes failed: Only part of a ReadProcessMemory or WriteProcessMemory request was completed. (0x12B)
[1002/052626.128:WARNING:pe_image_reader.cc(340)] could not read dos header from C:\WINDOWS\SYSTEM32\CRYPTBASE.DLL
[1002/052626.128:ERROR:process_memory_win.cc(73)] ReadMemory at 0x7ff70d6c0000 of 64 bytes failed: Only part of a ReadProcessMemory or WriteProcessMemory request was completed. (0x12B)
[1002/052626.128:WARNING:pe_image_reader.cc(340)] could not read dos header from C:\Program Files (x86)\Google\Chrome\Application\chrome.exe
[1002/052626.128:ERROR:process_memory_win.cc(73)] ReadMemory at 0x7ffe749e0000 of 64 bytes failed: Only part of a ReadProcessMemory or WriteProcessMemory request was completed. (0x12B)
[1002/052626.128:WARNING:pe_image_reader.cc(340)] could not read dos header from C:\WINDOWS\SYSTEM32\ntdll.dll
[1002/052626.128:ERROR:process_memory_win.cc(73)] ReadMemory at 0x7ffe74230000 of 64 bytes failed: Only part of a ReadProcessMemory or WriteProcessMemory request was completed. (0x12B)
[1002/052626.128:WARNING:pe_image_reader.cc(340)] could not read dos header from C:\WINDOWS\System32\KERNEL32.DLL
[1002/052626.128:ERROR:process_memory_win.cc(73)] ReadMemory at 0x7ffe71c70000 of 64 bytes failed: Only part of a ReadProcessMemory or WriteProcessMemory request was completed. (0x12B)
[1002/052626.128:WARNING:pe_image_reader.cc(340)] could not read dos header from C:\WINDOWS\System32\KERNELBASE.dll
[1002/052626.128:ERROR:process_memory_win.cc(73)] ReadMemory at 0x7ffe2b260000 of 64 bytes failed: Only part of a ReadProcessMemory or WriteProcessMemory request was completed. (0x12B)
[1002/052626.128:WARNING:pe_image_reader.cc(340)] could not read dos header from C:\Program Files (x86)\Google\Chrome\Application\85.0.4183.121\chrome_elf.dll
[1002/052626.128:ERROR:process_memory_win.cc(73)] ReadMemory at 0x7ffe67420000 of 64 bytes failed: Only part of a ReadProcessMemory or WriteProcessMemory request was completed. (0x12B)
[1002/052626.128:WARNING:pe_image_reader.cc(340)] could not read dos header from C:\WINDOWS\SYSTEM32\VERSION.dll
[1002/052626.128:ERROR:process_memory_win.cc(73)] ReadMemory at 0x7ffe74630000 of 64 bytes failed: Only part of a ReadProcessMemory or WriteProcessMemory request was completed. (0x12B)
[1002/052626.128:WARNING:pe_image_reader.cc(340)] could not read dos header from C:\WINDOWS\System32\msvcrt.dll
[1002/052626.128:ERROR:process_memory_win.cc(73)] ReadMemory at 0x7ffe72a10000 of 64 bytes failed: Only part of a ReadProcessMemory or WriteProcessMemory request was completed. (0x12B)
[1002/052626.128:WARNING:pe_image_reader.cc(340)] could not read dos header from C:\WINDOWS\System32\bcryptPrimitives.dll
[1002/052626.128:ERROR:process_memory_win.cc(73)] ReadMemory at 0x7ffe73f50000 of 64 bytes failed: Only part of a ReadProcessMemory or WriteProcessMemory request was completed. (0x12B)
[1002/052626.128:WARNING:pe_image_reader.cc(340)] could not read dos header from C:\WINDOWS\System32\ADVAPI32.dll
[1002/052626.129:ERROR:process_memory_win.cc(73)] ReadMemory at 0x7ffe74760000 of 64 bytes failed: Only part of a ReadProcessMemory or WriteProcessMemory request was completed. (0x12B)
[1002/052626.129:WARNING:pe_image_reader.cc(340)] could not read dos header from C:\WINDOWS\System32\sechost.dll
[1002/052626.129:ERROR:process_memory_win.cc(73)] ReadMemory at 0x7ffe739f0000 of 64 bytes failed: Only part of a ReadProcessMemory or WriteProcessMemory request was completed. (0x12B)
[1002/052626.129:WARNING:pe_image_reader.cc(340)] could not read dos header from C:\WINDOWS\System32\RPCRT4.dll
[1002/052626.129:ERROR:process_memory_win.cc(73)] ReadMemory at 0x7ffe2caa0000 of 64 bytes failed: Only part of a ReadProcessMemory or WriteProcessMemory request was completed. (0x12B)
[1002/052626.129:WARNING:pe_image_reader.cc(340)] could not read dos header from C:\Program Files (x86)\Google\Chrome\Application\85.0.4183.121\chrome.dll
[1002/052626.129:ERROR:process_memory_win.cc(73)] ReadMemory at 0x7ffe73b10000 of 64 bytes failed: Only part of a ReadProcessMemory or WriteProcessMemory request was completed. (0x12B)
[1002/052626.129:WARNING:pe_image_reader.cc(340)] could not read dos header from C:\WINDOWS\System32\WS2_32.dll
[1002/052626.129:ERROR:process_memory_win.cc(73)] ReadMemory at 0x7ffe73e80000 of 64 bytes failed: Only part of a ReadProcessMemory or WriteProcessMemory request was completed. (0x12B)
[1002/052626.129:WARNING:pe_image_reader.cc(340)] could not read dos header from C:\WINDOWS\System32\OLEAUT32.dll
[1002/052626.129:ERROR:process_memory_win.cc(73)] ReadMemory at 0x7ffe71ad0000 of 64 bytes failed: Only part of a ReadProcessMemory or WriteProcessMemory request was completed. (0x12B)
[1002/052626.129:WARNING:pe_image_reader.cc(340)] could not read dos header from C:\WINDOWS\System32\msvcp_win.dll
[1002/052626.129:ERROR:process_memory_win.cc(73)] ReadMemory at 0x7ffe719d0000 of 64 bytes failed: Only part of a ReadProcessMemory or WriteProcessMemory request was completed. (0x12B)
[1002/052626.129:WARNING:pe_image_reader.cc(340)] could not read dos header from C:\WINDOWS\System32\ucrtbase.dll
[1002/052626.129:ERROR:process_memory_win.cc(73)] ReadMemory at 0x24432eb0000 of 64 bytes failed: Only part of a ReadProcessMemory or WriteProcessMemory request was completed. (0x12B)
[1002/052626.129:WARNING:pe_image_reader.cc(340)] could not read dos header from C:\WINDOWS\System32\combase.dll
[1002/052626.129:ERROR:process_memory_win.cc(73)] ReadMemory at 0x7ffe72210000 of 64 bytes failed: Only part of a ReadProcessMemory or WriteProcessMemory request was completed. (0x12B)
[1002/052626.129:WARNING:pe_image_reader.cc(340)] could not read dos header from C:\WINDOWS\System32\WINTRUST.dll
[1002/052626.129:ERROR:process_memory_win.cc(73)] ReadMemory at 0x7ffe71930000 of 64 bytes failed: Only part of a ReadProcessMemory or WriteProcessMemory request was completed. (0x12B)
[1002/052626.129:WARNING:pe_image_reader.cc(340)] could not read dos header from C:\WINDOWS\System32\MSASN1.dll
[1002/052626.129:ERROR:process_memory_win.cc(73)] ReadMemory at 0x7ffe720c0000 of 64 bytes failed: Only part of a ReadProcessMemory or WriteProcessMemory request was completed. (0x12B)
[1002/052626.129:WARNING:pe_image_reader.cc(340)] could not read dos header from C:\WINDOWS\System32\CRYPT32.dll
[1002/052626.129:ERROR:process_memory_win.cc(73)] ReadMemory at 0x7ffe70e00000 of 64 bytes failed: Only part of a ReadProcessMemory or WriteProcessMemory request was completed. (0x12B)
[1002/052626.129:WARNING:pe_image_reader.cc(340)] could not read dos header from C:\WINDOWS\SYSTEM32\IPHLPAPI.DLL
[1002/052626.129:ERROR:process_memory_win.cc(73)] ReadMemory at 0x7ffe6dc80000 of 64 bytes failed: Only part of a ReadProcessMemory or WriteProcessMemory request was completed. (0x12B)
[1002/052626.129:WARNING:pe_image_reader.cc(340)] could not read dos header from C:\WINDOWS\SYSTEM32\WINMM.dll
[1002/052626.130:ERROR:process_memory_win.cc(73)] ReadMemory at 0x7ffe49ff0000 of 64 bytes failed: Only part of a ReadProcessMemory or WriteProcessMemory request was completed. (0x12B)
[1002/052626.130:WARNING:pe_image_reader.cc(340)] could not read dos header from C:\WINDOWS\SYSTEM32\UIAutomationCore.DLL
[1002/052626.130:ERROR:process_memory_win.cc(73)] ReadMemory at 0x7ffe5ae60000 of 64 bytes failed: Only part of a ReadProcessMemory or WriteProcessMemory request was completed. (0x12B)
[1002/052626.130:WARNING:pe_image_reader.cc(340)] could not read dos header from C:\WINDOWS\SYSTEM32\Secur32.dll
[1002/052626.130:ERROR:process_memory_win.cc(73)] ReadMemory at 0x7ffe717c0000 of 64 bytes failed: Only part of a ReadProcessMemory or WriteProcessMemory request was completed. (0x12B)
[1002/052626.130:WARNING:pe_image_reader.cc(340)] could not read dos header from C:\WINDOWS\SYSTEM32\USERENV.dll
[1002/052626.130:ERROR:process_memory_win.cc(73)] ReadMemory at 0x7ffe71900000 of 64 bytes failed: Only part of a ReadProcessMemory or WriteProcessMemory request was completed. (0x12B)
[1002/052626.130:WARNING:pe_image_reader.cc(340)] could not read dos header from C:\WINDOWS\System32\profapi.dll
[1002/052626.130:ERROR:process_memory_win.cc(73)] ReadMemory at 0x7ffe6f2c0000 of 64 bytes failed: Only part of a ReadProcessMemory or WriteProcessMemory request was completed. (0x12B)
[1002/052626.130:WARNING:pe_image_reader.cc(340)] could not read dos header from C:\WINDOWS\SYSTEM32\DWrite.dll
[1002/052626.130:ERROR:process_memory_win.cc(73)] ReadMemory at 0x7ffe66c70000 of 64 bytes failed: Only part of a ReadProcessMemory or WriteProcessMemory request was completed. (0x12B)
[1002/052626.130:WARNING:pe_image_reader.cc(340)] could not read dos header from C:\WINDOWS\SYSTEM32\WINSPOOL.DRV
[1002/052626.130:ERROR:process_memory_win.cc(73)] ReadMemory at 0x7ffe71950000 of 64 bytes failed: Only part of a ReadProcessMemory or WriteProcessMemory request was completed. (0x12B)
[1002/052626.130:WARNING:pe_image_reader.cc(340)] could not read dos header from C:\WINDOWS\System32\kernel.appcore.dll
[1002/052626.130:ERROR:process_memory_win.cc(73)] ReadMemory at 0x7ffe719a0000 of 64 bytes failed: Only part of a ReadProcessMemory or WriteProcessMemory request was completed. (0x12B)
[1002/052626.130:WARNING:pe_image_reader.cc(340)] could not read dos header from C:\WINDOWS\System32\bcrypt.dll
[1002/052626.130:ERROR:process_memory_win.cc(73)] ReadMemory at 0x7ffe70110000 of 64 bytes failed: Only part of a ReadProcessMemory or WriteProcessMemory request was completed. (0x12B)
[1002/052626.130:WARNING:pe_image_reader.cc(340)] could not read dos header from C:\WINDOWS\SYSTEM32\dbghelp.dll
[1002/052626.130:ERROR:process_memory_win.cc(73)] ReadMemory at 0x7ffe615b0000 of 64 bytes failed: Only part of a ReadProcessMemory or WriteProcessMemory request was completed. (0x12B)
[1002/052626.130:WARNING:pe_image_reader.cc(340)] could not read dos header from C:\WINDOWS\SYSTEM32\WINHTTP.dll
[1002/052626.130:ERROR:process_memory_win.cc(73)] ReadMemory at 0x7ffe614a0000 of 64 bytes failed: Only part of a ReadProcessMemory or WriteProcessMemory request was completed. (0x12B)
[1002/052626.130:WARNING:pe_image_reader.cc(340)] could not read dos header from C:\WINDOWS\SYSTEM32\dhcpcsvc.DLL
[1002/052626.130:ERROR:process_memory_win.cc(73)] ReadMemory at 0x7ffe73350000 of 64 bytes failed: Only part of a ReadProcessMemory or WriteProcessMemory request was completed. (0x12B)
[1002/052626.130:WARNING:pe_image_reader.cc(340)] could not read dos header from C:\WINDOWS\System32\NSI.dll
[1002/052626.130:ERROR:process_memory_win.cc(73)] ReadMemory at 0x7ffe6dc50000 of 64 bytes failed: Only part of a ReadProcessMemory or WriteProcessMemory request was completed. (0x12B)
[1002/052626.131:WARNING:pe_image_reader.cc(340)] could not read dos header from C:\WINDOWS\SYSTEM32\WINMMBASE.dll
[1002/052626.131:ERROR:process_memory_win.cc(73)] ReadMemory at 0x7ffe71b70000 of 64 bytes failed: Only part of a ReadProcessMemory or WriteProcessMemory request was completed. (0x12B)
[1002/052626.131:WARNING:pe_image_reader.cc(340)] could not read dos header from C:\WINDOWS\System32\cfgmgr32.dll
[1002/052626.131:ERROR:process_memory_win.cc(73)] ReadMemory at 0x7ffe6db00000 of 64 bytes failed: Only part of a ReadProcessMemory or WriteProcessMemory request was completed. (0x12B)
[1002/052626.131:WARNING:pe_image_reader.cc(340)] could not read dos header from C:\WINDOWS\SYSTEM32\PROPSYS.dll
[1002/052626.131:ERROR:process_memory_win.cc(73)] ReadMemory at 0x7ffe72a90000 of 64 bytes failed: Only part of a ReadProcessMemory or WriteProcessMemory request was completed. (0x12B)
[1002/052626.131:WARNING:pe_image_reader.cc(340)] could not read dos header from C:\WINDOWS\System32\shcore.dll
[1002/052626.131:ERROR:process_memory_win.cc(73)] ReadMemory at 0x7ffe71780000 of 64 bytes failed: Only part of a ReadProcessMemory or WriteProcessMemory request was completed. (0x12B)
[1002/052626.131:WARNING:pe_image_reader.cc(340)] could not read dos header from C:\WINDOWS\SYSTEM32\SSPICLI.DLL
[1002/052626.131:ERROR:process_memory_win.cc(73)] ReadMemory at 0x7ffe712c0000 of 64 bytes failed: Only part of a ReadProcessMemory or WriteProcessMemory request was completed. (0x12B)
[1002/052626.131:WARNING:pe_image_reader.cc(340)] could not read dos header from C:\WINDOWS\SYSTEM32\CRYPTBASE.DLL
[1002/052626.143:ERROR:process_memory_win.cc(73)] ReadMemory at 0xf650b00000 of 1048576 bytes failed: Only part of a ReadProcessMemory or WriteProcessMemory request was completed. (0x12B)
[1002/052626.145:ERROR:process_memory_win.cc(73)] ReadMemory at 0xf64c23c000 of 6024 bytes failed: Only part of a ReadProcessMemory or WriteProcessMemory request was completed. (0x12B)
[1002/052626.145:ERROR:process_memory_win.cc(73)] ReadMemory at 0xf64c3b1000 of 852 bytes failed: Only part of a ReadProcessMemory or WriteProcessMemory request was completed. (0x12B)
[1002/052626.145:ERROR:process_memory_win.cc(73)] ReadMemory at 0x24432830fe0 of 8694 bytes failed: Only part of a ReadProcessMemory or WriteProcessMemory request was completed. (0x12B)
[1002/052626.145:ERROR:process_memory_win.cc(73)] ReadMemory at 0x244328331e0 of 1012 bytes failed: Only part of a ReadProcessMemory or WriteProcessMemory request was completed. (0x12B)
[1002/052626.145:ERROR:process_memory_win.cc(73)] ReadMemory at 0x24432833828 of 118 bytes failed: Only part of a ReadProcessMemory or WriteProcessMemory request was completed. (0x12B)
[1002/052626.145:ERROR:process_memory_win.cc(73)] ReadMemory at 0x244328338a0 of 1364 bytes failed: Only part of a ReadProcessMemory or WriteProcessMemory request was completed. (0x12B)
[1002/052626.145:ERROR:process_memory_win.cc(73)] ReadMemory at 0x24432833df6 of 118 bytes failed: Only part of a ReadProcessMemory or WriteProcessMemory request was completed. (0x12B)
[1002/052626.145:ERROR:process_memory_win.cc(73)] ReadMemory at 0x24432833e6e of 96 bytes failed: Only part of a ReadProcessMemory or WriteProcessMemory request was completed. (0x12B)
[1002/052626.145:ERROR:process_memory_win.cc(73)] ReadMemory at 0x24432833ee0 of 58 bytes failed: Only part of a ReadProcessMemory or WriteProcessMemory request was completed. (0x12B)
[1002/052626.145:ERROR:process_memory_win.cc(73)] ReadMemory at 0x24432833fe0 of 132 bytes failed: Only part of a ReadProcessMemory or WriteProcessMemory request was completed. (0x12B)
[1002/052626.145:ERROR:process_memory_win.cc(73)] ReadMemory at 0x24432834170 of 132 bytes failed: Only part of a ReadProcessMemory or WriteProcessMemory request was completed. (0x12B)
[1002/052626.146:ERROR:process_memory_win.cc(73)] ReadMemory at 0x24432834330 of 126 bytes failed: Only part of a ReadProcessMemory or WriteProcessMemory request was completed. (0x12B)
[1002/052626.146:ERROR:process_memory_win.cc(73)] ReadMemory at 0x24432834710 of 132 bytes failed: Only part of a ReadProcessMemory or WriteProcessMemory request was completed. (0x12B)
[1002/052626.146:ERROR:process_memory_win.cc(73)] ReadMemory at 0x244328348a0 of 64 bytes failed: Only part of a ReadProcessMemory or WriteProcessMemory request was completed. (0x12B)
[1002/052626.146:ERROR:process_memory_win.cc(73)] ReadMemory at 0x24432834a60 of 132 bytes failed: Only part of a ReadProcessMemory or WriteProcessMemory request was completed. (0x12B)
[1002/052626.146:ERROR:process_memory_win.cc(73)] ReadMemory at 0x24432834d00 of 132 bytes failed: Only part of a ReadProcessMemory or WriteProcessMemory request was completed. (0x12B)
[1002/052626.146:ERROR:process_memory_win.cc(73)] ReadMemory at 0x24432834e90 of 68 bytes failed: Only part of a ReadProcessMemory or WriteProcessMemory request was completed. (0x12B)
[1002/052626.146:ERROR:process_memory_win.cc(73)] ReadMemory at 0x244328360b0 of 132 bytes failed: Only part of a ReadProcessMemory or WriteProcessMemory request was completed. (0x12B)
[1002/052626.146:ERROR:process_memory_win.cc(73)] ReadMemory at 0x24432836240 of 154 bytes failed: Only part of a ReadProcessMemory or WriteProcessMemory request was completed. (0x12B)
[1002/052626.146:ERROR:process_memory_win.cc(73)] ReadMemory at 0x244328386c0 of 62 bytes failed: Only part of a ReadProcessMemory or WriteProcessMemory request was completed. (0x12B)
[1002/052626.146:ERROR:process_memory_win.cc(73)] ReadMemory at 0x24432838820 of 132 bytes failed: Only part of a ReadProcessMemory or WriteProcessMemory request was completed. (0x12B)
[1002/052626.146:ERROR:process_memory_win.cc(73)] ReadMemory at 0x244328389b0 of 60 bytes failed: Only part of a ReadProcessMemory or WriteProcessMemory request was completed. (0x12B)
[1002/052626.146:ERROR:process_memory_win.cc(73)] ReadMemory at 0x2443283c6d0 of 60 bytes failed: Only part of a ReadProcessMemory or WriteProcessMemory request was completed. (0x12B)
[1002/052626.147:ERROR:process_memory_win.cc(73)] ReadMemory at 0x2443283c900 of 62 bytes failed: Only part of a ReadProcessMemory or WriteProcessMemory request was completed. (0x12B)
[1002/052626.147:ERROR:process_memory_win.cc(73)] ReadMemory at 0x2443283c9a0 of 62 bytes failed: Only part of a ReadProcessMemory or WriteProcessMemory request was completed. (0x12B)
[1002/052626.147:ERROR:process_memory_win.cc(73)] ReadMemory at 0x2443283d620 of 54 bytes failed: Only part of a ReadProcessMemory or WriteProcessMemory request was completed. (0x12B)
[1002/052626.147:ERROR:process_memory_win.cc(73)] ReadMemory at 0x2443284103c of 512 bytes failed: Only part of a ReadProcessMemory or WriteProcessMemory request was completed. (0x12B)
[1002/052626.147:ERROR:process_memory_win.cc(73)] ReadMemory at 0x24432844070 of 80 bytes failed: Only part of a ReadProcessMemory or WriteProcessMemory request was completed. (0x12B)
[1002/052626.147:ERROR:process_memory_win.cc(73)] ReadMemory at 0x24432846ba0 of 132 bytes failed: Only part of a ReadProcessMemory or WriteProcessMemory request was completed. (0x12B)
[1002/052626.147:ERROR:process_memory_win.cc(73)] ReadMemory at 0x24432846fd0 of 132 bytes failed: Only part of a ReadProcessMemory or WriteProcessMemory request was completed. (0x12B)
[1002/052626.147:ERROR:process_memory_win.cc(73)] ReadMemory at 0x244328472f0 of 132 bytes failed: Only part of a ReadProcessMemory or WriteProcessMemory request was completed. (0x12B)
[1002/052626.147:ERROR:process_memory_win.cc(73)] ReadMemory at 0x244328476b0 of 132 bytes failed: Only part of a ReadProcessMemory or WriteProcessMemory request was completed. (0x12B)
[1002/052626.147:ERROR:process_memory_win.cc(73)] ReadMemory at 0x24432847a10 of 132 bytes failed: Only part of a ReadProcessMemory or WriteProcessMemory request was completed. (0x12B)
[1002/052626.147:ERROR:process_memory_win.cc(73)] ReadMemory at 0x24432847b40 of 146 bytes failed: Only part of a ReadProcessMemory or WriteProcessMemory request was completed. (0x12B)
[1002/052626.147:ERROR:process_memory_win.cc(73)] ReadMemory at 0x24432847c30 of 132 bytes failed: Only part of a ReadProcessMemory or WriteProcessMemory request was completed. (0x12B)
[1002/052626.147:ERROR:process_memory_win.cc(73)] ReadMemory at 0x24432847d60 of 132 bytes failed: Only part of a ReadProcessMemory or WriteProcessMemory request was completed. (0x12B)
[1002/052626.148:ERROR:process_memory_win.cc(73)] ReadMemory at 0x244328485e0 of 76 bytes failed: Only part of a ReadProcessMemory or WriteProcessMemory request was completed. (0x12B)
[1002/052626.148:ERROR:process_memory_win.cc(73)] ReadMemory at 0x244328489a0 of 80 bytes failed: Only part of a ReadProcessMemory or WriteProcessMemory request was completed. (0x12B)
[1002/052626.148:ERROR:process_memory_win.cc(73)] ReadMemory at 0x24432849c10 of 64 bytes failed: Only part of a ReadProcessMemory or WriteProcessMemory request was completed. (0x12B)
[1002/052626.148:ERROR:process_memory_win.cc(73)] ReadMemory at 0x24432849c60 of 62 bytes failed: Only part of a ReadProcessMemory or WriteProcessMemory request was completed. (0x12B)
[1002/052626.148:ERROR:process_memory_win.cc(73)] ReadMemory at 0x24432849cb0 of 60 bytes failed: Only part of a ReadProcessMemory or WriteProcessMemory request was completed. (0x12B)
[1002/052626.148:ERROR:process_memory_win.cc(73)] ReadMemory at 0x24432849e40 of 60 bytes failed: Only part of a ReadProcessMemory or WriteProcessMemory request was completed. (0x12B)
[1002/052626.148:ERROR:process_memory_win.cc(73)] ReadMemory at 0x24432849e90 of 62 bytes failed: Only part of a ReadProcessMemory or WriteProcessMemory request was completed. (0x12B)
[1002/052626.148:ERROR:process_memory_win.cc(73)] ReadMemory at 0x24432849ee0 of 64 bytes failed: Only part of a ReadProcessMemory or WriteProcessMemory request was completed. (0x12B)
[1002/052626.148:ERROR:process_memory_win.cc(73)] ReadMemory at 0x24432849f30 of 64 bytes failed: Only part of a ReadProcessMemory or WriteProcessMemory request was completed. (0x12B)
[1002/052626.148:ERROR:process_memory_win.cc(73)] ReadMemory at 0x2443284a020 of 60 bytes failed: Only part of a ReadProcessMemory or WriteProcessMemory request was completed. (0x12B)
[1002/052626.148:ERROR:process_memory_win.cc(73)] ReadMemory at 0x2443284a110 of 62 bytes failed: Only part of a ReadProcessMemory or WriteProcessMemory request was completed. (0x12B)
[1002/052626.148:ERROR:process_memory_win.cc(73)] ReadMemory at 0x2443284a160 of 64 bytes failed: Only part of a ReadProcessMemory or WriteProcessMemory request was completed. (0x12B)
[1002/052626.148:ERROR:process_memory_win.cc(73)] ReadMemory at 0x2443284a2a0 of 62 bytes failed: Only part of a ReadProcessMemory or WriteProcessMemory request was completed. (0x12B)
[1002/052626.149:ERROR:process_memory_win.cc(73)] ReadMemory at 0x2443284a3e0 of 62 bytes failed: Only part of a ReadProcessMemory or WriteProcessMemory request was completed. (0x12B)
[1002/052626.149:ERROR:process_memory_win.cc(73)] ReadMemory at 0x2443284a480 of 64 bytes failed: Only part of a ReadProcessMemory or WriteProcessMemory request was completed. (0x12B)
[1002/052626.149:ERROR:process_memory_win.cc(73)] ReadMemory at 0x2443284a520 of 64 bytes failed: Only part of a ReadProcessMemory or WriteProcessMemory request was completed. (0x12B)
[1002/052626.149:ERROR:process_memory_win.cc(73)] ReadMemory at 0x2443284a610 of 64 bytes failed: Only part of a ReadProcessMemory or WriteProcessMemory request was completed. (0x12B)
[1002/052626.149:ERROR:process_memory_win.cc(73)] ReadMemory at 0x2443284a660 of 62 bytes failed: Only part of a ReadProcessMemory or WriteProcessMemory request was completed. (0x12B)
[1002/052626.149:ERROR:process_memory_win.cc(73)] ReadMemory at 0x2443284a6b0 of 62 bytes failed: Only part of a ReadProcessMemory or WriteProcessMemory request was completed. (0x12B)
[1002/052626.149:ERROR:process_memory_win.cc(73)] ReadMemory at 0x2443284a750 of 64 bytes failed: Only part of a ReadProcessMemory or WriteProcessMemory request was completed. (0x12B)
[1002/052626.149:ERROR:process_memory_win.cc(73)] ReadMemory at 0x2443284a7a0 of 66 bytes failed: Only part of a ReadProcessMemory or WriteProcessMemory request was completed. (0x12B)
[1002/052626.149:ERROR:process_memory_win.cc(73)] ReadMemory at 0x2443284a890 of 60 bytes failed: Only part of a ReadProcessMemory or WriteProcessMemory request was completed. (0x12B)
[1002/052626.149:ERROR:process_memory_win.cc(73)] ReadMemory at 0x2443284a8e0 of 66 bytes failed: Only part of a ReadProcessMemory or WriteProcessMemory request was completed. (0x12B)
[1002/052626.149:ERROR:process_memory_win.cc(73)] ReadMemory at 0x2443284a930 of 60 bytes failed: Only part of a ReadProcessMemory or WriteProcessMemory request was completed. (0x12B)
[1002/052626.149:ERROR:process_memory_win.cc(73)] ReadMemory at 0x2443284a980 of 58 bytes failed: Only part of a ReadProcessMemory or WriteProcessMemory request was completed. (0x12B)
[1002/052626.149:ERROR:process_memory_win.cc(73)] ReadMemory at 0x2443284a9d0 of 62 bytes failed: Only part of a ReadProcessMemory or WriteProcessMemory request was completed. (0x12B)
[1002/052626.150:ERROR:process_memory_win.cc(73)] ReadMemory at 0x2443284d160 of 132 bytes failed: Only part of a ReadProcessMemory or WriteProcessMemory request was completed. (0x12B)
[1002/052626.150:ERROR:process_memory_win.cc(73)] ReadMemory at 0x2443284d290 of 132 bytes failed: Only part of a ReadProcessMemory or WriteProcessMemory request was completed. (0x12B)
[1002/052626.150:ERROR:process_memory_win.cc(73)] ReadMemory at 0x2443284d3c0 of 132 bytes failed: Only part of a ReadProcessMemory or WriteProcessMemory request was completed. (0x12B)
[1002/052626.150:ERROR:process_memory_win.cc(73)] ReadMemory at 0x2443284d4f0 of 132 bytes failed: Only part of a ReadProcessMemory or WriteProcessMemory request was completed. (0x12B)
[1002/052626.150:ERROR:process_memory_win.cc(73)] ReadMemory at 0x2443284d620 of 132 bytes failed: Only part of a ReadProcessMemory or WriteProcessMemory request was completed. (0x12B)
[1002/052626.150:ERROR:process_memory_win.cc(73)] ReadMemory at 0x2443284d750 of 132 bytes failed: Only part of a ReadProcessMemory or WriteProcessMemory request was completed. (0x12B)
[1002/052626.150:ERROR:process_memory_win.cc(73)] ReadMemory at 0x244328514c0 of 132 bytes failed: Only part of a ReadProcessMemory or WriteProcessMemory request was completed. (0x12B)
[1002/052626.150:ERROR:process_memory_win.cc(73)] ReadMemory at 0x24432851820 of 132 bytes failed: Only part of a ReadProcessMemory or WriteProcessMemory request was completed. (0x12B)
[1002/052626.150:ERROR:process_memory_win.cc(73)] ReadMemory at 0x24432855a90 of 132 bytes failed: Only part of a ReadProcessMemory or WriteProcessMemory request was completed. (0x12B)
[1002/052626.150:ERROR:process_memory_win.cc(73)] ReadMemory at 0x24432855e20 of 132 bytes failed: Only part of a ReadProcessMemory or WriteProcessMemory request was completed. (0x12B)
[1002/052626.150:ERROR:process_memory_win.cc(73)] ReadMemory at 0x24432855f50 of 132 bytes failed: Only part of a ReadProcessMemory or WriteProcessMemory request was completed. (0x12B)
[1002/052626.150:ERROR:process_memory_win.cc(73)] ReadMemory at 0x24432856080 of 132 bytes failed: Only part of a ReadProcessMemory or WriteProcessMemory request was completed. (0x12B)
[1002/052626.151:ERROR:process_memory_win.cc(73)] ReadMemory at 0x244328561b0 of 132 bytes failed: Only part of a ReadProcessMemory or WriteProcessMemory request was completed. (0x12B)
[1002/052626.151:ERROR:process_memory_win.cc(73)] ReadMemory at 0x244328562e0 of 132 bytes failed: Only part of a ReadProcessMemory or WriteProcessMemory request was completed. (0x12B)
[1002/052626.151:ERROR:process_memory_win.cc(73)] ReadMemory at 0x24432856540 of 132 bytes failed: Only part of a ReadProcessMemory or WriteProcessMemory request was completed. (0x12B)
[1002/052626.151:ERROR:process_memory_win.cc(73)] ReadMemory at 0x24432856670 of 132 bytes failed: Only part of a ReadProcessMemory or WriteProcessMemory request was completed. (0x12B)
[1002/052626.151:ERROR:process_memory_win.cc(73)] ReadMemory at 0x244328567a0 of 132 bytes failed: Only part of a ReadProcessMemory or WriteProcessMemory request was completed. (0x12B)
[1002/052626.151:ERROR:process_memory_win.cc(73)] ReadMemory at 0x24432856c60 of 132 bytes failed: Only part of a ReadProcessMemory or WriteProcessMemory request was completed. (0x12B)
[1002/052626.151:ERROR:process_memory_win.cc(73)] ReadMemory at 0x24432856ff0 of 132 bytes failed: Only part of a ReadProcessMemory or WriteProcessMemory request was completed. (0x12B)
[1002/052626.151:ERROR:process_memory_win.cc(73)] ReadMemory at 0x24432857120 of 132 bytes failed: Only part of a ReadProcessMemory or WriteProcessMemory request was completed. (0x12B)
[1002/052626.151:ERROR:process_memory_win.cc(73)] ReadMemory at 0x24432857250 of 132 bytes failed: Only part of a ReadProcessMemory or WriteProcessMemory request was completed. (0x12B)
[1002/052626.151:ERROR:process_memory_win.cc(73)] ReadMemory at 0x24432857380 of 132 bytes failed: Only part of a ReadProcessMemory or WriteProcessMemory request was completed. (0x12B)
[1002/052626.151:ERROR:process_memory_win.cc(73)] ReadMemory at 0x244328575e0 of 132 bytes failed: Only part of a ReadProcessMemory or WriteProcessMemory request was completed. (0x12B)
[1002/052626.152:ERROR:process_memory_win.cc(73)] ReadMemory at 0x24432857710 of 132 bytes failed: Only part of a ReadProcessMemory or WriteProcessMemory request was completed. (0x12B)
[1002/052626.152:ERROR:process_memory_win.cc(73)] ReadMemory at 0x24432857840 of 132 bytes failed: Only part of a ReadProcessMemory or WriteProcessMemory request was completed. (0x12B)
[1002/052626.152:ERROR:process_memory_win.cc(73)] ReadMemory at 0x7ffe2caa0000 of 384 bytes failed: Only part of a ReadProcessMemory or WriteProcessMemory request was completed. (0x12B)
[1002/052626.152:ERROR:process_memory_win.cc(73)] ReadMemory at 0x7ffe2d20d7c0 of 512 bytes failed: Only part of a ReadProcessMemory or WriteProcessMemory request was completed. (0x12B)
[1002/052626.152:ERROR:process_memory_win.cc(73)] ReadMemory at 0x7ffe34170584 of 512 bytes failed: Only part of a ReadProcessMemory or WriteProcessMemory request was completed. (0x12B)
[1002/052626.152:ERROR:process_memory_win.cc(73)] ReadMemory at 0x7ffe71edd700 of 512 bytes failed: Only part of a ReadProcessMemory or WriteProcessMemory request was completed. (0x12B)
[1002/052626.152:ERROR:process_memory_win.cc(73)] ReadMemory at 0x7ffe74a6c490 of 512 bytes failed: Only part of a ReadProcessMemory or WriteProcessMemory request was completed. (0x12B)
[1002/052626.152:ERROR:process_memory_win.cc(73)] ReadMemory at 0x7ffe74a7c674 of 512 bytes failed: Only part of a ReadProcessMemory or WriteProcessMemory request was completed. (0x12B)
[1002/052626.152:ERROR:process_memory_win.cc(73)] ReadMemory at 0x7ffe74b0c428 of 18 bytes failed: Only part of a ReadProcessMemory or WriteProcessMemory request was completed. (0x12B)
[1002/052626.152:ERROR:process_memory_win.cc(73)] ReadMemory at 0x7ffe74b3f4f8 of 40 bytes failed: Only part of a ReadProcessMemory or WriteProcessMemory request was completed. (0x12B)
[1002/052626.152:ERROR:process_memory_win.cc(73)] ReadMemory at 0x7ffe74b3f978 of 48 bytes failed: Only part of a ReadProcessMemory or WriteProcessMemory request was completed. (0x12B)
[1002/052626.152:ERROR:process_memory_win.cc(73)] ReadMemory at 0x7ffe74b453c0 of 64 bytes failed: Only part of a ReadProcessMemory or WriteProcessMemory request was completed. (0x12B)
[1002/052626.153:ERROR:scoped_process_suspend.cc(40)] NtResumeProcess: An attempt was made to access an exiting process. (0xc000010a)
[1007/160729.683:ERROR:directory_reader_win.cc(43)] FindFirstFile: The system cannot find the path specified. (0x3)
[1007/163020.018:ERROR:directory_reader_win.cc(43)] FindFirstFile: The system cannot find the path specified. (0x3)
[1008/101819.024:ERROR:directory_reader_win.cc(43)] FindFirstFile: The system cannot find the path specified. (0x3)
[1008/134310.349:ERROR:directory_reader_win.cc(43)] FindFirstFile: The system cannot find the path specified. (0x3)
